<?xml version="1.0" encoding="UTF-8"?>
<!-- Generated by org.testng.reporters.JUnitXMLReporter -->
<testsuite ignored="4" hostname="DESKTOP-MUEUS88" failures="0" tests="2" name="Test" time="0.089" errors="0" timestamp="19 May 2023 18:34:10 GMT">
  <testcase classname="FirstMavenProject.FirstMavenProject.PersonalLoan" name="PersonalLoanwithWeb" time="0.016"/>
  <testcase classname="FirstMavenProject.FirstMavenProject.CarLoan" name="CarLoanwithAPP" time="0.009"/>
  <testcase classname="FirstMavenProject.FirstMavenProject.PersonalLoan" name="PersonalLoanwithAPP" time="0.0">
    <ignored/>
  </testcase> <!-- PersonalLoanwithAPP -->
  <testcase classname="FirstMavenProject.FirstMavenProject.CarLoan" name="CarLoanwithWeb" time="0.0">
    <ignored/>
  </testcase> <!-- CarLoanwithWeb -->
  <testcase classname="FirstMavenProject.FirstMavenProject.PersonalLoan" name="PersonalLoanwithBranch" time="0.0">
    <ignored/>
  </testcase> <!-- PersonalLoanwithBranch -->
  <testcase classname="FirstMavenProject.FirstMavenProject.CarLoan" name="CarLoanwithBranch" time="0.0">
    <ignored/>
  </testcase> <!-- CarLoanwithBranch -->
</testsuite> <!-- Test -->
