<?xml version="1.0" encoding="UTF-8"?>
<!-- Generated by org.testng.reporters.JUnitXMLReporter -->
<testsuite hostname="DESKTOP-MUEUS88" ignored="0" name="Test" tests="6" failures="0" timestamp="06 Jun 2023 21:11:45 GMT" time="0.222" errors="0">
  <testcase name="PersonalLoanwithAPP" time="0.027" classname="FirstMavenProject.FirstMavenProject.PersonalLoan"/>
  <testcase name="PersonalLoanwithBranch" time="0.002" classname="FirstMavenProject.FirstMavenProject.PersonalLoan"/>
  <testcase name="PersonalLoanwithWeb" time="0.002" classname="FirstMavenProject.FirstMavenProject.PersonalLoan"/>
  <testcase name="CarLoanwithAPP" time="0.0" classname="FirstMavenProject.FirstMavenProject.CarLoan"/>
  <testcase name="CarLoanwithBranch" time="0.001" classname="FirstMavenProject.FirstMavenProject.CarLoan"/>
  <testcase name="CarLoanwithWeb" time="0.006" classname="FirstMavenProject.FirstMavenProject.CarLoan"/>
</testsuite> <!-- Test -->
