<?xml version="1.0" encoding="UTF-8"?>
<!-- Generated by org.testng.reporters.JUnitXMLReporter -->
<testsuite hostname="DESKTOP-MUEUS88" ignored="3" name="Test" tests="3" failures="0" timestamp="04 Jun 2023 19:32:17 GMT" time="0.053" errors="0">
  <testcase name="PersonalLoanwithAPP" time="0.01" classname="FirstMavenProject.FirstMavenProject.PersonalLoan"/>
  <testcase name="PersonalLoanwithBranch" time="0.0" classname="FirstMavenProject.FirstMavenProject.PersonalLoan"/>
  <testcase name="CarLoanwithBranch" time="0.001" classname="FirstMavenProject.FirstMavenProject.CarLoan"/>
  <testcase name="CarLoanwithWeb" time="0.0" classname="FirstMavenProject.FirstMavenProject.CarLoan">
    <ignored/>
  </testcase> <!-- CarLoanwithWeb -->
  <testcase name="PersonalLoanwithWeb" time="0.0" classname="FirstMavenProject.FirstMavenProject.PersonalLoan">
    <ignored/>
  </testcase> <!-- PersonalLoanwithWeb -->
  <testcase name="CarLoanwithAPP" time="0.0" classname="FirstMavenProject.FirstMavenProject.CarLoan">
    <ignored/>
  </testcase> <!-- CarLoanwithAPP -->
</testsuite> <!-- Test -->
