<?xml version="1.0" encoding="UTF-8"?>
<testsuite xmlns:xsi="http://www.w3.org/2001/XMLSchema-instance" xsi:noNamespaceSchemaLocation="https://maven.apache.org/surefire/maven-surefire-plugin/xsd/surefire-test-report-3.0.xsd" version="3.0" name="TestSuite" time="1.834" tests="3" errors="0" skipped="0" failures="0">
  <properties>
[...]
</properties>
  <testcase name="PersonalLoanwithAPP" classname="FirstMavenProject.FirstMavenProject.PersonalLoan" time="0.008">
    <system-out><![CDATA[[TestNGContentHandler] [WARN] It is strongly recommended to add "<!DOCTYPE suite SYSTEM "http://testng.org/testng-1.0.dtd" >" at the top of your file, otherwise TestNG may fail or not work as expected.
this is a PersonalLoan from APP
]]></system-out>
  </testcase>
  <testcase name="PersonalLoanwithBranch" classname="FirstMavenProject.FirstMavenProject.PersonalLoan" time="0.002">
    <system-out><![CDATA[this is a PersonalLoan from Branch
]]></system-out>
  </testcase>
  <testcase name="CarLoanwithBranch" classname="FirstMavenProject.FirstMavenProject.CarLoan" time="0.002">
    <system-out><![CDATA[this is a CarLoan from Branch
]]></system-out>
  </testcase>
</testsuite>