<?xml version="1.0" encoding="UTF-8"?>
<!-- Generated by org.testng.reporters.JUnitXMLReporter -->
<testsuite ignored="0" hostname="DESKTOP-MUEUS88" failures="0" tests="3" name="Default test" time="0.085" errors="0" timestamp="18 May 2023 19:46:25 GMT">
  <testcase classname="FirstMavenProject.FirstMavenProject.PersonalLoan" name="PersonalLoanwithAPP" time="0.018"/>
  <testcase classname="FirstMavenProject.FirstMavenProject.PersonalLoan" name="PersonalLoanwithBranch" time="0.004"/>
  <testcase classname="FirstMavenProject.FirstMavenProject.PersonalLoan" name="PersonalLoanwithWeb" time="0.003"/>
</testsuite> <!-- Default test -->
