<?xml version="1.0" encoding="UTF-8"?>
<testng-results ignored="0" total="1" passed="1" failed="0" skipped="0">
  <reporter-output>
  </reporter-output>
  <suite started-at="2023-05-28T21:13:45Z" name="Default suite" finished-at="2023-05-28T21:13:52Z" duration-ms="6337">
    <groups>
    </groups>
    <test started-at="2023-05-28T21:13:45Z" name="Default test" finished-at="2023-05-28T21:13:52Z" duration-ms="6337">
      <class name="FirstMavenProject.FirstMavenProject.MainTest">
        <test-method is-config="true" signature="setup()[pri:0, instance:FirstMavenProject.FirstMavenProject.MainTest@68702e03]" started-at="2023-05-28T21:13:37Z" name="setup" finished-at="2023-05-28T21:13:45Z" duration-ms="8102" status="PASS">
          <reporter-output>
          </reporter-output>
        </test-method> <!-- setup -->
        <test-method signature="ValidLogin()[pri:0, instance:FirstMavenProject.FirstMavenProject.MainTest@68702e03]" started-at="2023-05-28T21:13:45Z" name="ValidLogin" finished-at="2023-05-28T21:13:52Z" duration-ms="6283" status="PASS">
          <reporter-output>
          </reporter-output>
        </test-method> <!-- ValidLogin -->
        <test-method is-config="true" signature="teardown()[pri:0, instance:FirstMavenProject.FirstMavenProject.MainTest@68702e03]" started-at="2023-05-28T21:13:52Z" name="teardown" finished-at="2023-05-28T21:13:53Z" duration-ms="914" status="PASS">
          <reporter-output>
          </reporter-output>
        </test-method> <!-- teardown -->
      </class> <!-- FirstMavenProject.FirstMavenProject.MainTest -->
    </test> <!-- Default test -->
  </suite> <!-- Default suite -->
</testng-results>
