<?xml version="1.0" encoding="UTF-8"?>
<testng-results ignored="0" total="2" passed="2" failed="0" skipped="0">
  <reporter-output>
  </reporter-output>
  <suite started-at="2023-06-04T20:48:21Z" name="Default suite" finished-at="2023-06-04T20:48:31Z" duration-ms="9486">
    <groups>
    </groups>
    <test started-at="2023-06-04T20:48:21Z" name="Default test" finished-at="2023-06-04T20:48:31Z" duration-ms="9486">
      <class name="FirstMavenProject.FirstMavenProject.MainTest">
        <test-method is-config="true" signature="setup()[pri:0, instance:FirstMavenProject.FirstMavenProject.MainTest@2421cc4]" started-at="2023-06-04T20:48:10Z" name="setup" finished-at="2023-06-04T20:48:21Z" duration-ms="11131" status="PASS">
          <reporter-output>
          </reporter-output>
        </test-method> <!-- setup -->
        <test-method signature="GetDatafromExcel()[pri:0, instance:FirstMavenProject.FirstMavenProject.MainTest@2421cc4]" started-at="2023-06-04T20:48:21Z" name="GetDatafromExcel" finished-at="2023-06-04T20:48:24Z" duration-ms="2778" status="PASS">
          <reporter-output>
          </reporter-output>
        </test-method> <!-- GetDatafromExcel -->
        <test-method signature="ValidLogin()[pri:0, instance:FirstMavenProject.FirstMavenProject.MainTest@2421cc4]" started-at="2023-06-04T20:48:24Z" name="ValidLogin" finished-at="2023-06-04T20:48:31Z" duration-ms="6683" status="PASS">
          <reporter-output>
          </reporter-output>
        </test-method> <!-- ValidLogin -->
        <test-method is-config="true" signature="teardown()[pri:0, instance:FirstMavenProject.FirstMavenProject.MainTest@2421cc4]" started-at="2023-06-04T20:48:31Z" name="teardown" finished-at="2023-06-04T20:48:36Z" duration-ms="4892" status="PASS">
          <reporter-output>
          </reporter-output>
        </test-method> <!-- teardown -->
      </class> <!-- FirstMavenProject.FirstMavenProject.MainTest -->
    </test> <!-- Default test -->
  </suite> <!-- Default suite -->
</testng-results>
